<?xml version="1.0" encoding="UTF-8"?>
<!-- Generated by org.testng.reporters.JUnitReportReporter -->
<testsuite hostname="LAPTOP-DUVVPTU6" failures="0" tests="2" name="batch_excution3" time="0.010" errors="0" timestamp="2023-11-02T10:58:24 IST" skipped="0">
  <testcase classname="batch_excution3" name="sample6" time="0.009">
    <system-out>
      <![CDATA[six]]>
    </system-out>
  </testcase> <!-- sample6 -->
  <testcase classname="batch_excution3" name="sample7" time="0.001">
    <system-out>
      <![CDATA[seven]]>
    </system-out>
  </testcase> <!-- sample7 -->
  <system-out>
    <![CDATA[six
seven
executing one
excuting two
three
four]]>
  </system-out>
</testsuite> <!-- batch_excution3 -->
