<?xml version="1.0" encoding="UTF-8"?>
<!-- Generated by org.testng.reporters.JUnitReportReporter -->
<testsuite hostname="LAPTOP-DUVVPTU6" failures="0" tests="1" name="testng.timeout" time="0.015" errors="0" timestamp="2023-11-01T10:38:34 IST" skipped="0">
  <testcase classname="testng.timeout" name="s1" time="0.015">
    <system-out>
      <![CDATA[s1]]>
    </system-out>
  </testcase> <!-- s1 -->
  <system-out>
    <![CDATA[s1]]>
  </system-out>
</testsuite> <!-- testng.timeout -->
