<?xml version="1.0" encoding="UTF-8"?>
<!-- Generated by org.testng.reporters.JUnitReportReporter -->
<testsuite hostname="LAPTOP-DUVVPTU6" failures="0" tests="2" name="batchexcution" time="0.003" errors="0" timestamp="2023-11-02T10:58:24 IST" skipped="0">
  <testcase classname="batchexcution" name="sample1" time="0.001">
    <system-out>
      <![CDATA[executing one]]>
    </system-out>
  </testcase> <!-- sample1 -->
  <testcase classname="batchexcution" name="sample2" time="0.002">
    <system-out>
      <![CDATA[excuting two]]>
    </system-out>
  </testcase> <!-- sample2 -->
  <system-out>
    <![CDATA[six
seven
executing one
excuting two
three
four]]>
  </system-out>
</testsuite> <!-- batchexcution -->
