<?xml version="1.0" encoding="UTF-8"?>
<!-- Generated by org.testng.reporters.JUnitReportReporter -->
<testsuite hostname="LAPTOP-DUVVPTU6" failures="0" tests="1" name="testng.parallelexcution" time="14.120" errors="0" timestamp="2023-11-07T09:58:01 IST" skipped="0">
  <testcase classname="testng.parallelexcution" name="hello1" time="14.120"/>
</testsuite> <!-- testng.parallelexcution -->
