<?xml version="1.0" encoding="UTF-8"?>
<!-- Generated by org.testng.reporters.JUnitReportReporter -->
<testsuite hostname="LAPTOP-DUVVPTU6" failures="0" tests="2" name="testng.priority" time="0.012" errors="0" timestamp="2023-11-01T10:34:09 IST" skipped="0">
  <testcase classname="testng.priority" name="hi" time="0.011">
    <system-out>
      <![CDATA[executing hi]]>
    </system-out>
  </testcase> <!-- hi -->
  <testcase classname="testng.priority" name="hello" time="0.001">
    <system-out>
      <![CDATA[executing hello]]>
    </system-out>
  </testcase> <!-- hello -->
  <system-out>
    <![CDATA[executing hi
executing hello]]>
  </system-out>
</testsuite> <!-- testng.priority -->
