<?xml version="1.0" encoding="UTF-8"?>
<!-- Generated by org.testng.reporters.JUnitReportReporter -->
<testsuite hostname="LAPTOP-DUVVPTU6" failures="0" tests="1" name="testng.parallelexecution1" time="10.214" errors="0" timestamp="2023-11-07T09:58:01 IST" skipped="0">
  <testcase classname="testng.parallelexecution1" name="hello2" time="10.214"/>
</testsuite> <!-- testng.parallelexecution1 -->
