<?xml version="1.0" encoding="UTF-8"?>
<!-- Generated by org.testng.reporters.JUnitReportReporter -->
<testsuite hostname="LAPTOP-DUVVPTU6" failures="0" tests="1" name="testng.parallelexecution3" time="13.611" errors="0" timestamp="2023-11-07T09:58:01 IST" skipped="0">
  <testcase classname="testng.parallelexecution3" name="hello" time="13.611"/>
</testsuite> <!-- testng.parallelexecution3 -->
