<?xml version="1.0" encoding="UTF-8"?>
<!-- Generated by org.testng.reporters.JUnitReportReporter -->
<testsuite hostname="LAPTOP-DUVVPTU6" failures="0" tests="2" name="batch_execution2" time="0.002" errors="0" timestamp="2023-11-02T10:58:24 IST" skipped="0">
  <testcase classname="batch_execution2" name="sample3" time="0.001">
    <system-out>
      <![CDATA[three]]>
    </system-out>
  </testcase> <!-- sample3 -->
  <testcase classname="batch_execution2" name="sample4" time="0.001">
    <system-out>
      <![CDATA[four]]>
    </system-out>
  </testcase> <!-- sample4 -->
  <system-out>
    <![CDATA[six
seven
executing one
excuting two
three
four]]>
  </system-out>
</testsuite> <!-- batch_execution2 -->
