<?xml version="1.0" encoding="UTF-8"?>
<!-- Generated by org.testng.reporters.JUnitReportReporter -->
<testsuite hostname="LAPTOP-DUVVPTU6" failures="0" tests="2" name="testng.dependsonmethods" time="0.013" errors="0" timestamp="2023-11-01T10:53:12 IST" skipped="0">
  <testcase classname="testng.dependsonmethods" name="hello" time="0.012">
    <system-out>
      <![CDATA[hello]]>
    </system-out>
  </testcase> <!-- hello -->
  <testcase classname="testng.dependsonmethods" name="hi" time="0.001">
    <system-out>
      <![CDATA[hi]]>
    </system-out>
  </testcase> <!-- hi -->
  <system-out>
    <![CDATA[hello
hi]]>
  </system-out>
</testsuite> <!-- testng.dependsonmethods -->
