<?xml version="1.0" encoding="UTF-8"?>
<!-- Generated by org.testng.reporters.JUnitReportReporter -->
<testsuite hostname="LAPTOP-DUVVPTU6" failures="0" tests="2" name="testng.enabled" time="0.009" errors="0" timestamp="2023-11-01T10:31:45 IST" skipped="1">
  <testcase classname="testng.enabled" name="first" time="0.009">
    <system-out>
      <![CDATA[first]]>
    </system-out>
  </testcase> <!-- first -->
  <testcase classname="testng.enabled" name="second">
    <skipped/>
  </testcase> <!-- second -->
  <system-out>
    <![CDATA[first]]>
  </system-out>
</testsuite> <!-- testng.enabled -->
