<?xml version="1.0" encoding="UTF-8"?>
<!-- Generated by org.testng.reporters.JUnitReportReporter -->
<testsuite hostname="LAPTOP-DUVVPTU6" failures="0" tests="6" name="testng.testng1" time="0.018" errors="0" timestamp="2023-11-01T10:01:06 IST" skipped="0">
  <testcase classname="testng.testng1" name="a" time="0.002">
    <system-out>
      <![CDATA[hi]]>
    </system-out>
  </testcase> <!-- a -->
  <testcase classname="testng.testng1" name="a" time="0.010">
    <system-out>
      <![CDATA[hi]]>
    </system-out>
  </testcase> <!-- a -->
  <testcase classname="testng.testng1" name="a" time="0.001">
    <system-out>
      <![CDATA[hi]]>
    </system-out>
  </testcase> <!-- a -->
  <testcase classname="testng.testng1" name="b" time="0.001">
    <system-out>
      <![CDATA[hello]]>
    </system-out>
  </testcase> <!-- b -->
  <testcase classname="testng.testng1" name="a" time="0.002">
    <system-out>
      <![CDATA[hi]]>
    </system-out>
  </testcase> <!-- a -->
  <testcase classname="testng.testng1" name="a" time="0.002">
    <system-out>
      <![CDATA[hi]]>
    </system-out>
  </testcase> <!-- a -->
  <system-out>
    <![CDATA[hi
hi
hi
hi
hi
hello]]>
  </system-out>
</testsuite> <!-- testng.testng1 -->
