<?xml version="1.0" encoding="UTF-8"?>
<!-- Generated by org.testng.reporters.JUnitReportReporter -->
<testsuite hostname="LAPTOP-DUVVPTU6" failures="0" tests="1" name="testng.flow_of_annotation" time="0.005" errors="0" timestamp="2023-11-03T00:10:25 IST" skipped="0">
  <testcase classname="testng.flow_of_annotation" name="m4" time="0.005">
    <system-out>
      <![CDATA[Main Testcase]]>
    </system-out>
  </testcase> <!-- m4 -->
  <system-out>
    <![CDATA[DB Connection
launch the browser
login to app
Main Testcase
logout from app
close the browser
database disconnection]]>
  </system-out>
</testsuite> <!-- testng.flow_of_annotation -->
